<?xml version="1.0" encoding="UTF-8"?>
<!-- Generated by org.testng.reporters.JUnitXMLReporter -->
<testsuite ignored="0" hostname="LAPTOP-598MM7P2" failures="5" tests="5" name="Test" time="1.068" errors="0" timestamp="2022-09-05T12:30:37 IST">
  <testcase classname="com.telus.automationsuite.RegisterDemo" name="launchApplication" time="1.008">
    <failure type="org.openqa.selenium.SessionNotCreatedException" message="session not created: This version of ChromeDriver only supports Chrome version 103
Current browser version is 105.0.5195.102 with binary path C:\Program Files\Google\Chrome\Application\chrome.exe
Build info: version: &amp;apos;3.141.59&amp;apos;, revision: &amp;apos;e82be7d358&amp;apos;, time: &amp;apos;2018-11-14T08:17:03&amp;apos;
System info: host: &amp;apos;LAPTOP-598MM7P2&amp;apos;, ip: &amp;apos;192.168.1.7&amp;apos;, os.name: &amp;apos;Windows 11&amp;apos;, os.arch: &amp;apos;amd64&amp;apos;, os.version: &amp;apos;10.0&amp;apos;, java.version: &amp;apos;11.0.16.1&amp;apos;
Driver info: driver.version: ChromeDriver
remote stacktrace: Backtrace:
	Ordinal0 [0x00D85FD3+2187219]
	Ordinal0 [0x00D1E6D1+1763025]
	Ordinal0 [0x00C33E78+802424]
	Ordinal0 [0x00C551F9+938489]
	Ordinal0 [0x00C50DDC+921052]
	Ordinal0 [0x00C4E691+910993]
	Ordinal0 [0x00C817F0+1120240]
	Ordinal0 [0x00C8144A+1119306]
	Ordinal0 [0x00C7C9A6+1100198]
	Ordinal0 [0x00C56F80+946048]
	Ordinal0 [0x00C57E76+949878]
	GetHandleVerifier [0x010290C2+2721218]
	GetHandleVerifier [0x0101AAF0+2662384]
	GetHandleVerifier [0x00E1137A+526458]
	GetHandleVerifier [0x00E10416+522518]
	Ordinal0 [0x00D24EAB+1789611]
	Ordinal0 [0x00D297A8+1808296]
	Ordinal0 [0x00D29895+1808533]
	Ordinal0 [0x00D326C1+1844929]
	BaseThreadInitThunk [0x76A16739+25]
	RtlGetFullPathName_UEx [0x779090AF+1215]
	RtlGetFullPathName_UEx [0x7790907D+1165]
">
      <![CDATA[org.openqa.selenium.SessionNotCreatedException: session not created: This version of ChromeDriver only supports Chrome version 103
Current browser version is 105.0.5195.102 with binary path C:\Program Files\Google\Chrome\Application\chrome.exe
Build info: version: '3.141.59', revision: 'e82be7d358', time: '2018-11-14T08:17:03'
System info: host: 'LAPTOP-598MM7P2', ip: '192.168.1.7', os.name: 'Windows 11', os.arch: 'amd64', os.version: '10.0', java.version: '11.0.16.1'
Driver info: driver.version: ChromeDriver
remote stacktrace: Backtrace:
Ordinal0 [0x00D85FD3+2187219]
Ordinal0 [0x00D1E6D1+1763025]
Ordinal0 [0x00C33E78+802424]
Ordinal0 [0x00C551F9+938489]
Ordinal0 [0x00C50DDC+921052]
Ordinal0 [0x00C4E691+910993]
Ordinal0 [0x00C817F0+1120240]
Ordinal0 [0x00C8144A+1119306]
Ordinal0 [0x00C7C9A6+1100198]
Ordinal0 [0x00C56F80+946048]
Ordinal0 [0x00C57E76+949878]
GetHandleVerifier [0x010290C2+2721218]
GetHandleVerifier [0x0101AAF0+2662384]
GetHandleVerifier [0x00E1137A+526458]
GetHandleVerifier [0x00E10416+522518]
Ordinal0 [0x00D24EAB+1789611]
Ordinal0 [0x00D297A8+1808296]
Ordinal0 [0x00D29895+1808533]
Ordinal0 [0x00D326C1+1844929]
BaseThreadInitThunk [0x76A16739+25]
RtlGetFullPathName_UEx [0x779090AF+1215]
RtlGetFullPathName_UEx [0x7790907D+1165]

at org.openqa.selenium.remote.W3CHandshakeResponse.lambda$errorHandler$0(W3CHandshakeResponse.java:62)
at org.openqa.selenium.remote.HandshakeResponse.lambda$getResponseFunction$0(HandshakeResponse.java:30)
at org.openqa.selenium.remote.ProtocolHandshake.lambda$createSession$0(ProtocolHandshake.java:126)
at java.base/java.util.stream.ReferencePipeline$3$1.accept(ReferencePipeline.java:195)
at java.base/java.util.Spliterators$ArraySpliterator.tryAdvance(Spliterators.java:958)
at java.base/java.util.stream.ReferencePipeline.forEachWithCancel(ReferencePipeline.java:127)
at java.base/java.util.stream.AbstractPipeline.copyIntoWithCancel(AbstractPipeline.java:502)
at java.base/java.util.stream.AbstractPipeline.copyInto(AbstractPipeline.java:488)
at java.base/java.util.stream.AbstractPipeline.wrapAndCopyInto(AbstractPipeline.java:474)
at java.base/java.util.stream.FindOps$FindOp.evaluateSequential(FindOps.java:150)
at java.base/java.util.stream.AbstractPipeline.evaluate(AbstractPipeline.java:234)
at java.base/java.util.stream.ReferencePipeline.findFirst(ReferencePipeline.java:543)
at org.openqa.selenium.remote.ProtocolHandshake.createSession(ProtocolHandshake.java:128)
at org.openqa.selenium.remote.ProtocolHandshake.createSession(ProtocolHandshake.java:74)
at org.openqa.selenium.remote.HttpCommandExecutor.execute(HttpCommandExecutor.java:136)
at org.openqa.selenium.remote.service.DriverCommandExecutor.execute(DriverCommandExecutor.java:83)
at org.openqa.selenium.remote.RemoteWebDriver.execute(RemoteWebDriver.java:552)
at org.openqa.selenium.remote.RemoteWebDriver.startSession(RemoteWebDriver.java:213)
at org.openqa.selenium.remote.RemoteWebDriver.<init>(RemoteWebDriver.java:131)
at org.openqa.selenium.chrome.ChromeDriver.<init>(ChromeDriver.java:181)
at org.openqa.selenium.chrome.ChromeDriver.<init>(ChromeDriver.java:168)
at org.openqa.selenium.chrome.ChromeDriver.<init>(ChromeDriver.java:123)
at com.telus.automationsuite.RegisterDemo.launchApplication(RegisterDemo.java:39)
at java.base/java.util.ArrayList.forEach(ArrayList.java:1541)
... Removed 31 stack frames]]>
    </failure>
  </testcase> <!-- launchApplication -->
  <testcase classname="com.telus.automationsuite.RegisterDemo" name="navigateToRegistrationForm" time="0.005">
    <failure type="java.lang.NullPointerException">
      <![CDATA[java.lang.NullPointerException
at java.base/java.util.Objects.requireNonNull(Objects.java:221)
at org.openqa.selenium.interactions.Actions.<init>(Actions.java:65)
at com.telus.automationsuite.RegisterDemo.navigateToRegistrationForm(RegisterDemo.java:59)
at java.base/java.util.ArrayList.forEach(ArrayList.java:1541)
... Removed 27 stack frames]]>
    </failure>
  </testcase> <!-- navigateToRegistrationForm -->
  <testcase classname="com.telus.automationsuite.RegisterDemo" name="userRegisterDemo" time="0.002">
    <failure type="java.lang.NullPointerException">
      <![CDATA[java.lang.NullPointerException
at com.telus.automationsuite.RegisterDemo.userRegisterDemo(RegisterDemo.java:101)
at java.base/java.util.ArrayList.forEach(ArrayList.java:1541)
... Removed 27 stack frames]]>
    </failure>
  </testcase> <!-- userRegisterDemo -->
  <testcase classname="com.telus.automationsuite.RegisterDemo" name="validationOfsuccessfulMsg" time="0.0">
    <failure type="java.lang.NullPointerException">
      <![CDATA[java.lang.NullPointerException
at com.telus.automationsuite.RegisterDemo.validationOfsuccessfulMsg(RegisterDemo.java:440)
at java.base/java.util.ArrayList.forEach(ArrayList.java:1541)
... Removed 27 stack frames]]>
    </failure>
  </testcase> <!-- validationOfsuccessfulMsg -->
  <testcase classname="com.telus.automationsuite.RegisterDemo" name="closeApplication" time="0.001">
    <failure type="java.lang.NullPointerException">
      <![CDATA[java.lang.NullPointerException
at com.telus.automationsuite.RegisterDemo.closeApplication(RegisterDemo.java:477)
at java.base/java.util.ArrayList.forEach(ArrayList.java:1541)
... Removed 27 stack frames]]>
    </failure>
  </testcase> <!-- closeApplication -->
</testsuite> <!-- Test -->
